h:\uni\game physics\project\app\gamephysicsproject\debug\vc141.pdb
h:\uni\game physics\project\app\gamephysicsproject\debug\vc141.idb
h:\uni\game physics\project\app\gamephysicsproject\debug\solver.obj
h:\uni\game physics\project\app\gamephysicsproject\debug\shadow.obj
h:\uni\game physics\project\app\gamephysicsproject\debug\pocket.obj
h:\uni\game physics\project\app\gamephysicsproject\debug\physicsparameters.obj
h:\uni\game physics\project\app\gamephysicsproject\debug\physicsentity.obj
h:\uni\game physics\project\app\gamephysicsproject\debug\main.obj
h:\uni\game physics\project\app\gamephysicsproject\debug\grid.obj
h:\uni\game physics\project\app\gamephysicsproject\debug\gravity.obj
h:\uni\game physics\project\app\gamephysicsproject\debug\gamewindow.obj
h:\uni\game physics\project\app\gamephysicsproject\debug\game.obj
h:\uni\game physics\project\app\gamephysicsproject\debug\forceregistry.obj
h:\uni\game physics\project\app\gamephysicsproject\debug\eulersolver.obj
h:\uni\game physics\project\app\gamephysicsproject\debug\drag.obj
h:\uni\game physics\project\app\gamephysicsproject\debug\cushions.obj
h:\uni\game physics\project\app\gamephysicsproject\debug\contactresolver.obj
h:\uni\game physics\project\app\gamephysicsproject\debug\contact.obj
h:\uni\game physics\project\app\gamephysicsproject\debug\collisiondetector.obj
h:\uni\game physics\project\app\gamephysicsproject\debug\boundingsphere.obj
h:\uni\game physics\project\app\gamephysicsproject\debug\balls.obj
h:\uni\game physics\project\app\gamephysicsproject\debug\aabb.obj
h:\uni\game physics\project\app\gamephysicsproject\debug\verletsolver.obj
h:\uni\game physics\project\app\gamephysicsproject\debug\utils.obj
h:\uni\game physics\project\app\gamephysicsproject\debug\transform.obj
h:\uni\game physics\project\app\gamephysicsproject\debug\timer.obj
h:\uni\game physics\project\app\gamephysicsproject\debug\table.obj
h:\uni\game physics\project\app\gamephysicsproject\debug\gamephysicsproject.exe
h:\uni\game physics\project\app\gamephysicsproject\debug\gamephysicsproject.ilk
h:\uni\game physics\project\app\gamephysicsproject\debug\gamephysicsproject.pdb
h:\uni\game physics\project\app\gamephysicsproject\debug\gamephys.32af7b53.tlog\cl.read.1.tlog
h:\uni\game physics\project\app\gamephysicsproject\debug\gamephys.32af7b53.tlog\cl.write.1.tlog
h:\uni\game physics\project\app\gamephysicsproject\debug\gamephys.32af7b53.tlog\cl.command.1.tlog
h:\uni\game physics\project\app\gamephysicsproject\debug\gamephys.32af7b53.tlog\link.command.1.tlog
h:\uni\game physics\project\app\gamephysicsproject\debug\gamephys.32af7b53.tlog\link.read.1.tlog
h:\uni\game physics\project\app\gamephysicsproject\debug\gamephys.32af7b53.tlog\link.write.1.tlog
